This is pdfTeX, Version 3.14159265-2.6-1.40.17 (TeX Live 2016/W32TeX) (preloaded format=pdflatex 2017.1.30)  3 FEB 2017 16:27
entering extended mode
 restricted \write18 enabled.
 %&-line parsing enabled.
**./ppr_doc.tex
(./ppr_doc.tex
LaTeX2e <2017/01/01> patch level 1
Babel <3.9r> and hyphenation patterns for 83 language(s) loaded.
(d:/Programs/texlive/2016/texmf-dist/tex/latex/base/article.cls
Document Class: article 2014/09/29 v1.4h Standard LaTeX document class
(d:/Programs/texlive/2016/texmf-dist/tex/latex/base/size10.clo
File: size10.clo 2014/09/29 v1.4h Standard LaTeX file (size option)
)
\c@part=\count79
\c@section=\count80
\c@subsection=\count81
\c@subsubsection=\count82
\c@paragraph=\count83
\c@subparagraph=\count84
\c@figure=\count85
\c@table=\count86
\abovecaptionskip=\skip41
\belowcaptionskip=\skip42
\bibindent=\dimen102
)
(d:/Programs/texlive/2016/texmf-dist/tex/generic/babel/babel.sty
Package: babel 2016/04/23 3.9r The Babel package

(d:/Programs/texlive/2016/texmf-dist/tex/generic/babel-czech/czech.ldf
Language: czech 2008/07/06 v3.1a Czech support from the babel system

(d:/Programs/texlive/2016/texmf-dist/tex/generic/babel/babel.def
File: babel.def 2016/04/23 3.9r Babel common definitions
\babel@savecnt=\count87
\U@D=\dimen103
)
Package babel Info: Making " an active character on input line 172.
\cs@wordlen=\count88
Package babel Info: Making - an active character on input line 226.
))
(d:/Programs/texlive/2016/texmf-dist/tex/latex/base/inputenc.sty
Package: inputenc 2015/03/17 v1.2c Input encoding file
\inpenc@prehook=\toks14
\inpenc@posthook=\toks15

(d:/Programs/texlive/2016/texmf-dist/tex/latex/base/utf8.def
File: utf8.def 2016/02/28 v1.1s UTF-8 support for inputenc
Now handling font encoding OML ...
... no UTF-8 mapping file for font encoding OML
Now handling font encoding T1 ...
... processing UTF-8 mapping file for font encoding T1

(d:/Programs/texlive/2016/texmf-dist/tex/latex/base/t1enc.dfu
File: t1enc.dfu 2016/02/28 v1.1s UTF-8 support for inputenc
   defining Unicode char U+00A0 (decimal 160)
   defining Unicode char U+00A1 (decimal 161)
   defining Unicode char U+00A3 (decimal 163)
   defining Unicode char U+00AB (decimal 171)
   defining Unicode char U+00AD (decimal 173)
   defining Unicode char U+00BB (decimal 187)
   defining Unicode char U+00BF (decimal 191)
   defining Unicode char U+00C0 (decimal 192)
   defining Unicode char U+00C1 (decimal 193)
   defining Unicode char U+00C2 (decimal 194)
   defining Unicode char U+00C3 (decimal 195)
   defining Unicode char U+00C4 (decimal 196)
   defining Unicode char U+00C5 (decimal 197)
   defining Unicode char U+00C6 (decimal 198)
   defining Unicode char U+00C7 (decimal 199)
   defining Unicode char U+00C8 (decimal 200)
   defining Unicode char U+00C9 (decimal 201)
   defining Unicode char U+00CA (decimal 202)
   defining Unicode char U+00CB (decimal 203)
   defining Unicode char U+00CC (decimal 204)
   defining Unicode char U+00CD (decimal 205)
   defining Unicode char U+00CE (decimal 206)
   defining Unicode char U+00CF (decimal 207)
   defining Unicode char U+00D0 (decimal 208)
   defining Unicode char U+00D1 (decimal 209)
   defining Unicode char U+00D2 (decimal 210)
   defining Unicode char U+00D3 (decimal 211)
   defining Unicode char U+00D4 (decimal 212)
   defining Unicode char U+00D5 (decimal 213)
   defining Unicode char U+00D6 (decimal 214)
   defining Unicode char U+00D8 (decimal 216)
   defining Unicode char U+00D9 (decimal 217)
   defining Unicode char U+00DA (decimal 218)
   defining Unicode char U+00DB (decimal 219)
   defining Unicode char U+00DC (decimal 220)
   defining Unicode char U+00DD (decimal 221)
   defining Unicode char U+00DE (decimal 222)
   defining Unicode char U+00DF (decimal 223)
   defining Unicode char U+00E0 (decimal 224)
   defining Unicode char U+00E1 (decimal 225)
   defining Unicode char U+00E2 (decimal 226)
   defining Unicode char U+00E3 (decimal 227)
   defining Unicode char U+00E4 (decimal 228)
   defining Unicode char U+00E5 (decimal 229)
   defining Unicode char U+00E6 (decimal 230)
   defining Unicode char U+00E7 (decimal 231)
   defining Unicode char U+00E8 (decimal 232)
   defining Unicode char U+00E9 (decimal 233)
   defining Unicode char U+00EA (decimal 234)
   defining Unicode char U+00EB (decimal 235)
   defining Unicode char U+00EC (decimal 236)
   defining Unicode char U+00ED (decimal 237)
   defining Unicode char U+00EE (decimal 238)
   defining Unicode char U+00EF (decimal 239)
   defining Unicode char U+00F0 (decimal 240)
   defining Unicode char U+00F1 (decimal 241)
   defining Unicode char U+00F2 (decimal 242)
   defining Unicode char U+00F3 (decimal 243)
   defining Unicode char U+00F4 (decimal 244)
   defining Unicode char U+00F5 (decimal 245)
   defining Unicode char U+00F6 (decimal 246)
   defining Unicode char U+00F8 (decimal 248)
   defining Unicode char U+00F9 (decimal 249)
   defining Unicode char U+00FA (decimal 250)
   defining Unicode char U+00FB (decimal 251)
   defining Unicode char U+00FC (decimal 252)
   defining Unicode char U+00FD (decimal 253)
   defining Unicode char U+00FE (decimal 254)
   defining Unicode char U+00FF (decimal 255)
   defining Unicode char U+0100 (decimal 256)
   defining Unicode char U+0101 (decimal 257)
   defining Unicode char U+0102 (decimal 258)
   defining Unicode char U+0103 (decimal 259)
   defining Unicode char U+0104 (decimal 260)
   defining Unicode char U+0105 (decimal 261)
   defining Unicode char U+0106 (decimal 262)
   defining Unicode char U+0107 (decimal 263)
   defining Unicode char U+0108 (decimal 264)
   defining Unicode char U+0109 (decimal 265)
   defining Unicode char U+010A (decimal 266)
   defining Unicode char U+010B (decimal 267)
   defining Unicode char U+010C (decimal 268)
   defining Unicode char U+010D (decimal 269)
   defining Unicode char U+010E (decimal 270)
   defining Unicode char U+010F (decimal 271)
   defining Unicode char U+0110 (decimal 272)
   defining Unicode char U+0111 (decimal 273)
   defining Unicode char U+0112 (decimal 274)
   defining Unicode char U+0113 (decimal 275)
   defining Unicode char U+0114 (decimal 276)
   defining Unicode char U+0115 (decimal 277)
   defining Unicode char U+0116 (decimal 278)
   defining Unicode char U+0117 (decimal 279)
   defining Unicode char U+0118 (decimal 280)
   defining Unicode char U+0119 (decimal 281)
   defining Unicode char U+011A (decimal 282)
   defining Unicode char U+011B (decimal 283)
   defining Unicode char U+011C (decimal 284)
   defining Unicode char U+011D (decimal 285)
   defining Unicode char U+011E (decimal 286)
   defining Unicode char U+011F (decimal 287)
   defining Unicode char U+0120 (decimal 288)
   defining Unicode char U+0121 (decimal 289)
   defining Unicode char U+0122 (decimal 290)
   defining Unicode char U+0123 (decimal 291)
   defining Unicode char U+0124 (decimal 292)
   defining Unicode char U+0125 (decimal 293)
   defining Unicode char U+0128 (decimal 296)
   defining Unicode char U+0129 (decimal 297)
   defining Unicode char U+012A (decimal 298)
   defining Unicode char U+012B (decimal 299)
   defining Unicode char U+012C (decimal 300)
   defining Unicode char U+012D (decimal 301)
   defining Unicode char U+012E (decimal 302)
   defining Unicode char U+012F (decimal 303)
   defining Unicode char U+0130 (decimal 304)
   defining Unicode char U+0131 (decimal 305)
   defining Unicode char U+0132 (decimal 306)
   defining Unicode char U+0133 (decimal 307)
   defining Unicode char U+0134 (decimal 308)
   defining Unicode char U+0135 (decimal 309)
   defining Unicode char U+0136 (decimal 310)
   defining Unicode char U+0137 (decimal 311)
   defining Unicode char U+0139 (decimal 313)
   defining Unicode char U+013A (decimal 314)
   defining Unicode char U+013B (decimal 315)
   defining Unicode char U+013C (decimal 316)
   defining Unicode char U+013D (decimal 317)
   defining Unicode char U+013E (decimal 318)
   defining Unicode char U+0141 (decimal 321)
   defining Unicode char U+0142 (decimal 322)
   defining Unicode char U+0143 (decimal 323)
   defining Unicode char U+0144 (decimal 324)
   defining Unicode char U+0145 (decimal 325)
   defining Unicode char U+0146 (decimal 326)
   defining Unicode char U+0147 (decimal 327)
   defining Unicode char U+0148 (decimal 328)
   defining Unicode char U+014A (decimal 330)
   defining Unicode char U+014B (decimal 331)
   defining Unicode char U+014C (decimal 332)
   defining Unicode char U+014D (decimal 333)
   defining Unicode char U+014E (decimal 334)
   defining Unicode char U+014F (decimal 335)
   defining Unicode char U+0150 (decimal 336)
   defining Unicode char U+0151 (decimal 337)
   defining Unicode char U+0152 (decimal 338)
   defining Unicode char U+0153 (decimal 339)
   defining Unicode char U+0154 (decimal 340)
   defining Unicode char U+0155 (decimal 341)
   defining Unicode char U+0156 (decimal 342)
   defining Unicode char U+0157 (decimal 343)
   defining Unicode char U+0158 (decimal 344)
   defining Unicode char U+0159 (decimal 345)
   defining Unicode char U+015A (decimal 346)
   defining Unicode char U+015B (decimal 347)
   defining Unicode char U+015C (decimal 348)
   defining Unicode char U+015D (decimal 349)
   defining Unicode char U+015E (decimal 350)
   defining Unicode char U+015F (decimal 351)
   defining Unicode char U+0160 (decimal 352)
   defining Unicode char U+0161 (decimal 353)
   defining Unicode char U+0162 (decimal 354)
   defining Unicode char U+0163 (decimal 355)
   defining Unicode char U+0164 (decimal 356)
   defining Unicode char U+0165 (decimal 357)
   defining Unicode char U+0168 (decimal 360)
   defining Unicode char U+0169 (decimal 361)
   defining Unicode char U+016A (decimal 362)
   defining Unicode char U+016B (decimal 363)
   defining Unicode char U+016C (decimal 364)
   defining Unicode char U+016D (decimal 365)
   defining Unicode char U+016E (decimal 366)
   defining Unicode char U+016F (decimal 367)
   defining Unicode char U+0170 (decimal 368)
   defining Unicode char U+0171 (decimal 369)
   defining Unicode char U+0172 (decimal 370)
   defining Unicode char U+0173 (decimal 371)
   defining Unicode char U+0174 (decimal 372)
   defining Unicode char U+0175 (decimal 373)
   defining Unicode char U+0176 (decimal 374)
   defining Unicode char U+0177 (decimal 375)
   defining Unicode char U+0178 (decimal 376)
   defining Unicode char U+0179 (decimal 377)
   defining Unicode char U+017A (decimal 378)
   defining Unicode char U+017B (decimal 379)
   defining Unicode char U+017C (decimal 380)
   defining Unicode char U+017D (decimal 381)
   defining Unicode char U+017E (decimal 382)
   defining Unicode char U+01CD (decimal 461)
   defining Unicode char U+01CE (decimal 462)
   defining Unicode char U+01CF (decimal 463)
   defining Unicode char U+01D0 (decimal 464)
   defining Unicode char U+01D1 (decimal 465)
   defining Unicode char U+01D2 (decimal 466)
   defining Unicode char U+01D3 (decimal 467)
   defining Unicode char U+01D4 (decimal 468)
   defining Unicode char U+01E2 (decimal 482)
   defining Unicode char U+01E3 (decimal 483)
   defining Unicode char U+01E6 (decimal 486)
   defining Unicode char U+01E7 (decimal 487)
   defining Unicode char U+01E8 (decimal 488)
   defining Unicode char U+01E9 (decimal 489)
   defining Unicode char U+01EA (decimal 490)
   defining Unicode char U+01EB (decimal 491)
   defining Unicode char U+01F0 (decimal 496)
   defining Unicode char U+01F4 (decimal 500)
   defining Unicode char U+01F5 (decimal 501)
   defining Unicode char U+0218 (decimal 536)
   defining Unicode char U+0219 (decimal 537)
   defining Unicode char U+021A (decimal 538)
   defining Unicode char U+021B (decimal 539)
   defining Unicode char U+1E02 (decimal 7682)
   defining Unicode char U+1E03 (decimal 7683)
   defining Unicode char U+200C (decimal 8204)
   defining Unicode char U+2010 (decimal 8208)
   defining Unicode char U+2011 (decimal 8209)
   defining Unicode char U+2012 (decimal 8210)
   defining Unicode char U+2013 (decimal 8211)
   defining Unicode char U+2014 (decimal 8212)
   defining Unicode char U+2015 (decimal 8213)
   defining Unicode char U+2018 (decimal 8216)
   defining Unicode char U+2019 (decimal 8217)
   defining Unicode char U+201A (decimal 8218)
   defining Unicode char U+201C (decimal 8220)
   defining Unicode char U+201D (decimal 8221)
   defining Unicode char U+201E (decimal 8222)
   defining Unicode char U+2030 (decimal 8240)
   defining Unicode char U+2031 (decimal 8241)
   defining Unicode char U+2039 (decimal 8249)
   defining Unicode char U+203A (decimal 8250)
   defining Unicode char U+2423 (decimal 9251)
)
Now handling font encoding OT1 ...
... processing UTF-8 mapping file for font encoding OT1

(d:/Programs/texlive/2016/texmf-dist/tex/latex/base/ot1enc.dfu
File: ot1enc.dfu 2016/02/28 v1.1s UTF-8 support for inputenc
   defining Unicode char U+00A0 (decimal 160)
   defining Unicode char U+00A1 (decimal 161)
   defining Unicode char U+00A3 (decimal 163)
   defining Unicode char U+00AD (decimal 173)
   defining Unicode char U+00B8 (decimal 184)
   defining Unicode char U+00BF (decimal 191)
   defining Unicode char U+00C5 (decimal 197)
   defining Unicode char U+00C6 (decimal 198)
   defining Unicode char U+00D8 (decimal 216)
   defining Unicode char U+00DF (decimal 223)
   defining Unicode char U+00E6 (decimal 230)
   defining Unicode char U+00EC (decimal 236)
   defining Unicode char U+00ED (decimal 237)
   defining Unicode char U+00EE (decimal 238)
   defining Unicode char U+00EF (decimal 239)
   defining Unicode char U+00F8 (decimal 248)
   defining Unicode char U+0131 (decimal 305)
   defining Unicode char U+0141 (decimal 321)
   defining Unicode char U+0142 (decimal 322)
   defining Unicode char U+0152 (decimal 338)
   defining Unicode char U+0153 (decimal 339)
   defining Unicode char U+0174 (decimal 372)
   defining Unicode char U+0175 (decimal 373)
   defining Unicode char U+0176 (decimal 374)
   defining Unicode char U+0177 (decimal 375)
   defining Unicode char U+0218 (decimal 536)
   defining Unicode char U+0219 (decimal 537)
   defining Unicode char U+021A (decimal 538)
   defining Unicode char U+021B (decimal 539)
   defining Unicode char U+2013 (decimal 8211)
   defining Unicode char U+2014 (decimal 8212)
   defining Unicode char U+2018 (decimal 8216)
   defining Unicode char U+2019 (decimal 8217)
   defining Unicode char U+201C (decimal 8220)
   defining Unicode char U+201D (decimal 8221)
)
Now handling font encoding OMS ...
... processing UTF-8 mapping file for font encoding OMS

(d:/Programs/texlive/2016/texmf-dist/tex/latex/base/omsenc.dfu
File: omsenc.dfu 2016/02/28 v1.1s UTF-8 support for inputenc
   defining Unicode char U+00A7 (decimal 167)
   defining Unicode char U+00B6 (decimal 182)
   defining Unicode char U+00B7 (decimal 183)
   defining Unicode char U+2020 (decimal 8224)
   defining Unicode char U+2021 (decimal 8225)
   defining Unicode char U+2022 (decimal 8226)
)
Now handling font encoding OMX ...
... no UTF-8 mapping file for font encoding OMX
Now handling font encoding U ...
... no UTF-8 mapping file for font encoding U
   defining Unicode char U+00A9 (decimal 169)
   defining Unicode char U+00AA (decimal 170)
   defining Unicode char U+00AE (decimal 174)
   defining Unicode char U+00BA (decimal 186)
   defining Unicode char U+02C6 (decimal 710)
   defining Unicode char U+02DC (decimal 732)
   defining Unicode char U+200C (decimal 8204)
   defining Unicode char U+2026 (decimal 8230)
   defining Unicode char U+2122 (decimal 8482)
   defining Unicode char U+2423 (decimal 9251)
))
(d:/Programs/texlive/2016/texmf-dist/tex/latex/listings/listings.sty
(d:/Programs/texlive/2016/texmf-dist/tex/latex/graphics/keyval.sty
Package: keyval 2014/10/28 v1.15 key=value parser (DPC)
\KV@toks@=\toks16
)
\lst@mode=\count89
\lst@gtempboxa=\box26
\lst@token=\toks17
\lst@length=\count90
\lst@currlwidth=\dimen104
\lst@column=\count91
\lst@pos=\count92
\lst@lostspace=\dimen105
\lst@width=\dimen106
\lst@newlines=\count93
\lst@lineno=\count94
\lst@maxwidth=\dimen107

(d:/Programs/texlive/2016/texmf-dist/tex/latex/listings/lstmisc.sty
File: lstmisc.sty 2015/06/04 1.6 (Carsten Heinz)
\c@lstnumber=\count95
\lst@skipnumbers=\count96
\lst@framebox=\box27
)
(d:/Programs/texlive/2016/texmf-dist/tex/latex/listings/listings.cfg
File: listings.cfg 2015/06/04 1.6 listings configuration
))
Package: listings 2015/06/04 1.6 (Carsten Heinz)

(d:/Programs/texlive/2016/texmf-dist/tex/latex/hyperref/hyperref.sty
Package: hyperref 2016/06/24 v6.83q Hypertext links for LaTeX

(d:/Programs/texlive/2016/texmf-dist/tex/generic/oberdiek/hobsub-hyperref.sty
Package: hobsub-hyperref 2016/05/16 v1.14 Bundle oberdiek, subset hyperref (HO)


(d:/Programs/texlive/2016/texmf-dist/tex/generic/oberdiek/hobsub-generic.sty
Package: hobsub-generic 2016/05/16 v1.14 Bundle oberdiek, subset generic (HO)
Package: hobsub 2016/05/16 v1.14 Construct package bundles (HO)
Package: infwarerr 2016/05/16 v1.4 Providing info/warning/error messages (HO)
Package: ltxcmds 2016/05/16 v1.23 LaTeX kernel commands for general use (HO)
Package: ifluatex 2016/05/16 v1.4 Provides the ifluatex switch (HO)
Package ifluatex Info: LuaTeX not detected.
Package: ifvtex 2016/05/16 v1.6 Detect VTeX and its facilities (HO)
Package ifvtex Info: VTeX not detected.
Package: intcalc 2016/05/16 v1.2 Expandable calculations with integers (HO)
Package: ifpdf 2016/05/14 v3.1 Provides the ifpdf switch
Package: etexcmds 2016/05/16 v1.6 Avoid name clashes with e-TeX commands (HO)
Package etexcmds Info: Could not find \expanded.
(etexcmds)             That can mean that you are not using pdfTeX 1.50 or
(etexcmds)             that some package has redefined \expanded.
(etexcmds)             In the latter case, load this package earlier.
Package: kvsetkeys 2016/05/16 v1.17 Key value parser (HO)
Package: kvdefinekeys 2016/05/16 v1.4 Define keys (HO)
Package: pdftexcmds 2016/05/21 v0.22 Utility functions of pdfTeX for LuaTeX (HO
)
Package pdftexcmds Info: LuaTeX not detected.
Package pdftexcmds Info: \pdf@primitive is available.
Package pdftexcmds Info: \pdf@ifprimitive is available.
Package pdftexcmds Info: \pdfdraftmode found.
Package: pdfescape 2016/05/16 v1.14 Implements pdfTeX's escape features (HO)
Package: bigintcalc 2016/05/16 v1.4 Expandable calculations on big integers (HO
)
Package: bitset 2016/05/16 v1.2 Handle bit-vector datatype (HO)
Package: uniquecounter 2016/05/16 v1.3 Provide unlimited unique counter (HO)
)
Package hobsub Info: Skipping package `hobsub' (already loaded).
Package: letltxmacro 2016/05/16 v1.5 Let assignment for LaTeX macros (HO)
Package: hopatch 2016/05/16 v1.3 Wrapper for package hooks (HO)
Package: xcolor-patch 2016/05/16 xcolor patch
Package: atveryend 2016/05/16 v1.9 Hooks at the very end of document (HO)
Package atveryend Info: \enddocument detected (standard20110627).
Package: atbegshi 2016/06/09 v1.18 At begin shipout hook (HO)
Package: refcount 2016/05/16 v3.5 Data extraction from label references (HO)
Package: hycolor 2016/05/16 v1.8 Color options for hyperref/bookmark (HO)
)
(d:/Programs/texlive/2016/texmf-dist/tex/generic/ifxetex/ifxetex.sty
Package: ifxetex 2010/09/12 v0.6 Provides ifxetex conditional
)
(d:/Programs/texlive/2016/texmf-dist/tex/latex/oberdiek/auxhook.sty
Package: auxhook 2016/05/16 v1.4 Hooks for auxiliary files (HO)
)
(d:/Programs/texlive/2016/texmf-dist/tex/latex/oberdiek/kvoptions.sty
Package: kvoptions 2016/05/16 v3.12 Key value format for package options (HO)
)
\@linkdim=\dimen108
\Hy@linkcounter=\count97
\Hy@pagecounter=\count98

(d:/Programs/texlive/2016/texmf-dist/tex/latex/hyperref/pd1enc.def
File: pd1enc.def 2016/06/24 v6.83q Hyperref: PDFDocEncoding definition (HO)
Now handling font encoding PD1 ...
... no UTF-8 mapping file for font encoding PD1
)
\Hy@SavedSpaceFactor=\count99

(d:/Programs/texlive/2016/texmf-dist/tex/latex/latexconfig/hyperref.cfg
File: hyperref.cfg 2002/06/06 v1.2 hyperref configuration of TeXLive
)
Package hyperref Info: Hyper figures OFF on input line 4486.
Package hyperref Info: Link nesting OFF on input line 4491.
Package hyperref Info: Hyper index ON on input line 4494.
Package hyperref Info: Plain pages OFF on input line 4501.
Package hyperref Info: Backreferencing OFF on input line 4506.
Package hyperref Info: Implicit mode ON; LaTeX internals redefined.
Package hyperref Info: Bookmarks ON on input line 4735.
\c@Hy@tempcnt=\count100

(d:/Programs/texlive/2016/texmf-dist/tex/latex/url/url.sty
\Urlmuskip=\muskip10
Package: url 2013/09/16  ver 3.4  Verb mode for urls, etc.
)
LaTeX Info: Redefining \url on input line 5088.
\XeTeXLinkMargin=\dimen109
\Fld@menulength=\count101
\Field@Width=\dimen110
\Fld@charsize=\dimen111
Package hyperref Info: Hyper figures OFF on input line 6342.
Package hyperref Info: Link nesting OFF on input line 6347.
Package hyperref Info: Hyper index ON on input line 6350.
Package hyperref Info: backreferencing OFF on input line 6357.
Package hyperref Info: Link coloring OFF on input line 6362.
Package hyperref Info: Link coloring with OCG OFF on input line 6367.
Package hyperref Info: PDF/A mode OFF on input line 6372.
LaTeX Info: Redefining \ref on input line 6412.
LaTeX Info: Redefining \pageref on input line 6416.
\Hy@abspage=\count102
\c@Item=\count103
\c@Hfootnote=\count104
)

Package hyperref Message: Driver (autodetected): hpdftex.

(d:/Programs/texlive/2016/texmf-dist/tex/latex/hyperref/hpdftex.def
File: hpdftex.def 2016/06/24 v6.83q Hyperref driver for pdfTeX
\Fld@listcount=\count105
\c@bookmark@seq@number=\count106

(d:/Programs/texlive/2016/texmf-dist/tex/latex/oberdiek/rerunfilecheck.sty
Package: rerunfilecheck 2016/05/16 v1.8 Rerun checks for auxiliary files (HO)
Package uniquecounter Info: New unique counter `rerunfilecheck' on input line 2
82.
)
\Hy@SectionHShift=\skip43
)
(d:/Programs/texlive/2016/texmf-dist/tex/latex/graphics/color.sty
Package: color 2016/07/10 v1.1e Standard LaTeX Color (DPC)

(d:/Programs/texlive/2016/texmf-dist/tex/latex/graphics-cfg/color.cfg
File: color.cfg 2016/01/02 v1.6 sample color configuration
)
Package color Info: Driver file: pdftex.def on input line 147.

(d:/Programs/texlive/2016/texmf-dist/tex/latex/graphics-def/pdftex.def
File: pdftex.def 2017/01/12 v0.06k Graphics/color for pdfTeX
\Gread@gobject=\count107
))
(d:/Programs/texlive/2016/texmf-dist/tex/latex/amsmath/amsmath.sty
Package: amsmath 2016/11/05 v2.16a AMS math features
\@mathmargin=\skip44

For additional information on amsmath, use the `?' option.
(d:/Programs/texlive/2016/texmf-dist/tex/latex/amsmath/amstext.sty
Package: amstext 2000/06/29 v2.01 AMS text

(d:/Programs/texlive/2016/texmf-dist/tex/latex/amsmath/amsgen.sty
File: amsgen.sty 1999/11/30 v2.0 generic functions
\@emptytoks=\toks18
\ex@=\dimen112
))
(d:/Programs/texlive/2016/texmf-dist/tex/latex/amsmath/amsbsy.sty
Package: amsbsy 1999/11/29 v1.2d Bold Symbols
\pmbraise@=\dimen113
)
(d:/Programs/texlive/2016/texmf-dist/tex/latex/amsmath/amsopn.sty
Package: amsopn 2016/03/08 v2.02 operator names
)
\inf@bad=\count108
LaTeX Info: Redefining \frac on input line 213.
\uproot@=\count109
\leftroot@=\count110
LaTeX Info: Redefining \overline on input line 375.
\classnum@=\count111
\DOTSCASE@=\count112
LaTeX Info: Redefining \ldots on input line 472.
LaTeX Info: Redefining \dots on input line 475.
LaTeX Info: Redefining \cdots on input line 596.
\Mathstrutbox@=\box28
\strutbox@=\box29
\big@size=\dimen114
LaTeX Font Info:    Redeclaring font encoding OML on input line 712.
LaTeX Font Info:    Redeclaring font encoding OMS on input line 713.
\macc@depth=\count113
\c@MaxMatrixCols=\count114
\dotsspace@=\muskip11
\c@parentequation=\count115
\dspbrk@lvl=\count116
\tag@help=\toks19
\row@=\count117
\column@=\count118
\maxfields@=\count119
\andhelp@=\toks20
\eqnshift@=\dimen115
\alignsep@=\dimen116
\tagshift@=\dimen117
\tagwidth@=\dimen118
\totwidth@=\dimen119
\lineht@=\dimen120
\@envbody=\toks21
\multlinegap=\skip45
\multlinetaggap=\skip46
\mathdisplay@stack=\toks22
LaTeX Info: Redefining \[ on input line 2817.
LaTeX Info: Redefining \] on input line 2818.
)
(d:/Programs/texlive/2016/texmf-dist/tex/latex/tools/multicol.sty
Package: multicol 2016/04/07 v1.8p multicolumn formatting (FMi)
\c@tracingmulticols=\count120
\mult@box=\box30
\multicol@leftmargin=\dimen121
\c@unbalance=\count121
\c@collectmore=\count122
\doublecol@number=\count123
\multicoltolerance=\count124
\multicolpretolerance=\count125
\full@width=\dimen122
\page@free=\dimen123
\premulticols=\dimen124
\postmulticols=\dimen125
\multicolsep=\skip47
\multicolbaselineskip=\skip48
\partial@page=\box31
\last@line=\box32
\maxbalancingoverflow=\dimen126
\mult@rightbox=\box33
\mult@grightbox=\box34
\mult@gfirstbox=\box35
\mult@firstbox=\box36
\@tempa=\box37
\@tempa=\box38
\@tempa=\box39
\@tempa=\box40
\@tempa=\box41
\@tempa=\box42
\@tempa=\box43
\@tempa=\box44
\@tempa=\box45
\@tempa=\box46
\@tempa=\box47
\@tempa=\box48
\@tempa=\box49
\@tempa=\box50
\@tempa=\box51
\@tempa=\box52
\@tempa=\box53
\c@columnbadness=\count126
\c@finalcolumnbadness=\count127
\last@try=\dimen127
\multicolovershoot=\dimen128
\multicolundershoot=\dimen129
\mult@nat@firstbox=\box54
\colbreak@box=\box55
\mc@col@check@num=\count128
)
(d:/Programs/texlive/2016/texmf-dist/tex/latex/titlesec/titlesec.sty
Package: titlesec 2016/03/21 v2.10.2 Sectioning titles
\ttl@box=\box56
\beforetitleunit=\skip49
\aftertitleunit=\skip50
\ttl@plus=\dimen130
\ttl@minus=\dimen131
\ttl@toksa=\toks23
\titlewidth=\dimen132
\titlewidthlast=\dimen133
\titlewidthfirst=\dimen134
)
(d:/Programs/texlive/2016/texmf-dist/tex/latex/graphics/graphicx.sty
Package: graphicx 2014/10/28 v1.0g Enhanced LaTeX Graphics (DPC,SPQR)

(d:/Programs/texlive/2016/texmf-dist/tex/latex/graphics/graphics.sty
Package: graphics 2016/10/09 v1.0u Standard LaTeX Graphics (DPC,SPQR)

(d:/Programs/texlive/2016/texmf-dist/tex/latex/graphics/trig.sty
Package: trig 2016/01/03 v1.10 sin cos tan (DPC)
)
(d:/Programs/texlive/2016/texmf-dist/tex/latex/graphics-cfg/graphics.cfg
File: graphics.cfg 2016/06/04 v1.11 sample graphics configuration
)
Package graphics Info: Driver file: pdftex.def on input line 99.
)
\Gin@req@height=\dimen135
\Gin@req@width=\dimen136
)
(d:/Programs/texlive/2016/texmf-dist/tex/latex/relsize/relsize.sty
Package: relsize 2013/03/29 ver 4.1
)
(d:/Programs/texlive/2016/texmf-dist/tex/latex/listings/lstlang1.sty
File: lstlang1.sty 2015/06/04 1.6 listings language file
)

LaTeX Warning: Unused global option(s):
    [a4].

(./ppr_doc.aux)
\openout1 = `ppr_doc.aux'.

LaTeX Font Info:    Checking defaults for OML/cmm/m/it on input line 63.
LaTeX Font Info:    ... okay on input line 63.
LaTeX Font Info:    Checking defaults for T1/cmr/m/n on input line 63.
LaTeX Font Info:    ... okay on input line 63.
LaTeX Font Info:    Checking defaults for OT1/cmr/m/n on input line 63.
LaTeX Font Info:    ... okay on input line 63.
LaTeX Font Info:    Checking defaults for OMS/cmsy/m/n on input line 63.
LaTeX Font Info:    ... okay on input line 63.
LaTeX Font Info:    Checking defaults for OMX/cmex/m/n on input line 63.
LaTeX Font Info:    ... okay on input line 63.
LaTeX Font Info:    Checking defaults for U/cmr/m/n on input line 63.
LaTeX Font Info:    ... okay on input line 63.
LaTeX Font Info:    Checking defaults for PD1/pdf/m/n on input line 63.
LaTeX Font Info:    ... okay on input line 63.
\c@lstlisting=\count129
\AtBeginShipoutBox=\box57
Package hyperref Info: Link coloring OFF on input line 63.

(d:/Programs/texlive/2016/texmf-dist/tex/latex/hyperref/nameref.sty
Package: nameref 2016/05/21 v2.44 Cross-referencing by name of section

(d:/Programs/texlive/2016/texmf-dist/tex/generic/oberdiek/gettitlestring.sty
Package: gettitlestring 2016/05/16 v1.5 Cleanup title references (HO)
)
\c@section@level=\count130
)
LaTeX Info: Redefining \ref on input line 63.
LaTeX Info: Redefining \pageref on input line 63.
LaTeX Info: Redefining \nameref on input line 63.

(./ppr_doc.out) (./ppr_doc.out)
\@outlinefile=\write3
\openout3 = `ppr_doc.out'.


(d:/Programs/texlive/2016/texmf-dist/tex/context/base/mkii/supp-pdf.mkii
[Loading MPS to PDF converter (version 2006.09.02).]
\scratchcounter=\count131
\scratchdimen=\dimen137
\scratchbox=\box58
\nofMPsegments=\count132
\nofMParguments=\count133
\everyMPshowfont=\toks24
\MPscratchCnt=\count134
\MPscratchDim=\dimen138
\MPnumerator=\count135
\makeMPintoPDFobject=\count136
\everyMPtoPDFconversion=\toks25
) (d:/Programs/texlive/2016/texmf-dist/tex/latex/oberdiek/epstopdf-base.sty
Package: epstopdf-base 2016/05/15 v2.6 Base part for package epstopdf

(d:/Programs/texlive/2016/texmf-dist/tex/latex/oberdiek/grfext.sty
Package: grfext 2016/05/16 v1.2 Manage graphics extensions (HO)
)
Package epstopdf-base Info: Redefining graphics rule for `.eps' on input line 4
38.
Package grfext Info: Graphics extension search list:
(grfext)             [.png,.pdf,.jpg,.mps,.jpeg,.jbig2,.jb2,.PNG,.PDF,.JPG,.JPE
G,.JBIG2,.JB2,.eps]
(grfext)             \AppendGraphicsExtensions on input line 456.

(d:/Programs/texlive/2016/texmf-dist/tex/latex/latexconfig/epstopdf-sys.cfg
File: epstopdf-sys.cfg 2010/07/13 v1.3 Configuration of (r)epstopdf for TeX Liv
e
))
<images/zcuLogo.png, id=92, 496.10344pt x 315.42844pt>
File: images/zcuLogo.png Graphic file (type png)

<use images/zcuLogo.png>
Package pdftex.def Info: images/zcuLogo.png used on input line 65.
(pdftex.def)             Requested size: 248.0511pt x 157.71382pt.
 [1

{d:/Programs/texlive/2016/texmf-var/fonts/map/pdftex/updmap/pdftex.map} <./imag
es/zcuLogo.png>] (./ppr_doc.toc)
\tf@toc=\write4
\openout4 = `ppr_doc.toc'.

 [2] [3]
Overfull \hbox (20.78412pt too wide) in paragraph at lines 87--88
[]\OT1/cmr/m/n/10 embarked : p^^Tr^^S^^Pstav na-lod^^Ten^^S^^P (C=Cherbourg, Q=
Queenstown, S=Southampton) 
 []

<images/svm_vectors.png, id=134, 803.0pt x 865.2325pt>
File: images/svm_vectors.png Graphic file (type png)

<use images/svm_vectors.png>
Package pdftex.def Info: images/svm_vectors.png used on input line 92.
(pdftex.def)             Requested size: 200.74951pt x 216.30759pt.

Underfull \hbox (badness 10000) in paragraph at lines 100--102

 []

[4] [5 <./images/svm_vectors.png>]
Underfull \hbox (badness 10000) in paragraph at lines 125--128

 []

<images/linear_nonlinear.png, id=171, 1124.2pt x 421.575pt>
File: images/linear_nonlinear.png Graphic file (type png)

<use images/linear_nonlinear.png>
Package pdftex.def Info: images/linear_nonlinear.png used on input line 136.
(pdftex.def)             Requested size: 345.0pt x 129.37462pt.
 [6]
<images/sigma.png, id=185, 549.55313pt x 305.64188pt>
File: images/sigma.png Graphic file (type png)
 <use images/sigma.png>
Package pdftex.def Info: images/sigma.png used on input line 154.
(pdftex.def)             Requested size: 345.0pt x 191.8838pt.

[7 <./images/linear_nonlinear.png>]
Overfull \hbox (8.97408pt too wide) in paragraph at lines 166--167
\OT1/cmr/m/n/10 Pozor, gaus-sov^^Se j^^Sadro je cit-liv^^Se na velk^^Se rozd^^S
^^Ply hod-not mezi jed-not-liv^^Symi p^^Tr^^S^^Pznaky.
 []


Underfull \hbox (badness 10000) in paragraph at lines 169--172

 []

[8 <./images/sigma.png>]
Overfull \hbox (0.68576pt too wide) in paragraph at lines 181--183
\OT1/cmr/m/n/10 Podle \OT1/cmr/m/it/10 Karush-Kuhn-Tucker (KKT) \OT1/cmr/m/n/10
 do-sta-neme podm^^S^^Pnky, kter^^Se mus^^S^^P dan^^Sy v^^Syraz
 []


Underfull \hbox (badness 10000) in paragraph at lines 195--199

 []


Overfull \hbox (4.86295pt too wide) in paragraph at lines 195--199
\OT1/cmr/m/n/10 Vn^^Tej^^Ts^^S^^P smy^^Tcka jde p^^Tres v^^Tsechny prvky tr^^Se
novac^^S^^P mno^^Tziny, kter^^Se naru^^Tsily podm^^S^^Pnky
 []

[9]
Underfull \hbox (badness 10000) in paragraph at lines 244--247

 []


Overfull \hbox (37.69994pt too wide) in paragraph at lines 244--247
\OT1/cmr/m/n/10 Program m^^Sa hlavn^^S^^P ^^Tc^^Sast \OT1/cmtt/m/n/10 main.m\OT
1/cmr/m/n/10 . Ta je pak rozd^^Telena na \OT1/cmtt/m/n/10 settings.m, preproces
sing.m\OT1/cmr/m/n/10 ,
 []


Package hyperref Warning: Composite letter `\textasciicaron+r'
(hyperref)                not defined in PD1 encoding,
(hyperref)                removing `\textasciicaron' on input line 248.

[10]

Package hyperref Warning: Composite letter `\textasciicaron+c'
(hyperref)                not defined in PD1 encoding,
(hyperref)                removing `\textasciicaron' on input line 251.


Package hyperref Warning: Composite letter `\textasciicaron+e'
(hyperref)                not defined in PD1 encoding,
(hyperref)                removing `\textasciicaron' on input line 251.


Underfull \hbox (badness 10000) in paragraph at lines 253--256

 []

[11]
Overfull \hbox (2.92404pt too wide) in paragraph at lines 291--292
\OT1/cmr/m/n/10 P^^Tred za^^Tc^^Satkem tr^^Senov^^San^^S^^P vy-tvo^^Tr^^S^^Pm m
a-tici po-dob-nosti \OT1/cmtt/m/n/10 f\OT1/cmr/m/n/10 . Jako lan-d-marky ozna^^
Tc^^S^^Pm
 []

[12]
Overfull \hbox (6.50412pt too wide) in paragraph at lines 323--324
\OT1/cmr/m/n/10 V mo-delu hod-nota \OT1/cmtt/m/n/10 model.Y \OT1/cmr/m/n/10 p^^
Tredstavuje od-pov^^Tedi u^^Tcitele. Hod-nota \OT1/cmtt/m/n/10 model.alphas
 []

[13]

Package hyperref Warning: Composite letter `\textasciicaron+e'
(hyperref)                not defined in PD1 encoding,
(hyperref)                removing `\textasciicaron' on input line 337.


Package hyperref Warning: Composite letter `\textasciicaron+r'
(hyperref)                not defined in PD1 encoding,
(hyperref)                removing `\textasciicaron' on input line 339.


Package hyperref Warning: Composite letter `\textasciicaron+c'
(hyperref)                not defined in PD1 encoding,
(hyperref)                removing `\textasciicaron' on input line 339.


Package hyperref Warning: Difference (2) between bookmark levels is greater 
(hyperref)                than one, level fixed on input line 340.


Package hyperref Warning: Composite letter `\textasciicaron+c'
(hyperref)                not defined in PD1 encoding,
(hyperref)                removing `\textasciicaron' on input line 343.

<images/runWithGUI.png, id=265, 711.4078pt x 372.64218pt>
File: images/runWithGUI.png Graphic file (type png)

<use images/runWithGUI.png>
Package pdftex.def Info: images/runWithGUI.png used on input line 354.
(pdftex.def)             Requested size: 345.0pt x 180.71986pt.


Package hyperref Warning: Composite letter `\textasciicaron+e'
(hyperref)                not defined in PD1 encoding,
(hyperref)                removing `\textasciicaron' on input line 359.


Overfull \hbox (8.72278pt too wide) in paragraph at lines 364--365
[]\OT1/cmr/m/n/10 - Octave (CLI) : Spou^^Tst^^S^^Pme-li Octave v p^^Tr^^S^^Pkaz
ov^^Se ^^Tr^^Sadce, je nutn^^Se se p^^Tresunout
 []

<images/runWithoutGUI.png, id=268, 457.71pt x 224.33812pt>
File: images/runWithoutGUI.png Graphic file (type png)

<use images/runWithoutGUI.png>
Package pdftex.def Info: images/runWithoutGUI.png used on input line 369.
(pdftex.def)             Requested size: 345.0pt x 169.1021pt.
 [14]
Overfull \hbox (3.70132pt too wide) in paragraph at lines 374--377
\OT1/cmr/m/n/10 zen^^S^^P tr^^Senov^^San^^S^^P hy-pot^^Sezy. Tr^^Senov^^San^^S^
^P za^^Tc^^S^^Pn^^Sa v okam^^Tziku vy-sko^^Tcen^^S^^P hl^^Sa^^Tsky \OT1/cmtt/m/
n/10 Training
 []


Underfull \hbox (badness 10000) in paragraph at lines 374--377

 []


Underfull \hbox (badness 3417) in paragraph at lines 382--383
\OT1/cmr/m/n/10 01-31]. Do-stupn^^Se z: []$\OT1/cmtt/m/n/10 https : / / portal 
. zcu . cz / CoursewarePortlets2 /
 []

[15 <./images/runWithGUI.png> <./images/runWithoutGUI.png>]
Underfull \hbox (badness 5519) in paragraph at lines 385--386
\OT1/cmr/m/n/10 [cit. 2017-01-31]. Do-stupn^^Se z: []$\OT1/cmtt/m/n/10 http : /
 / cs229 . stanford . edu / notes /
 []


Underfull \hbox (badness 10000) in paragraph at lines 388--389
[]\OT1/cmr/m/n/10 NG, An-drew. \OT1/cmr/m/it/10 Sup-port Vec-tor Ma-chi-nes \OT
1/cmr/m/n/10 [on-line]. Stan-d-ford,
 []


Underfull \hbox (badness 10000) in paragraph at lines 388--389
\OT1/cmr/m/n/10 2016 [cit. 2017-01-31]. Do-stupn^^Se z: []$\OT1/cmtt/m/n/10 htt
ps : / / d3c33hcgiwev3 .
 []


Underfull \hbox (badness 10000) in paragraph at lines 388--389
\OT1/cmtt/m/n/10 cloudfront . net / _246c2a4e4c249f94c895f607ea1e6407 _
 []


Underfull \hbox (badness 10000) in paragraph at lines 388--389
\OT1/cmtt/m/n/10 Lecture12 . pdf ? Expires = 1485993600 & Signature =
 []


Overfull \hbox (578.54773pt too wide) in paragraph at lines 388--389
\OT1/cmtt/m/n/10 MGhCSj6vnfSMVWpDERGUz8fc2312duxtjEpe2o4R0vhRA9KQQuPnZOPulQy5I0
mCrICpxj3M0efelTXkmFFQsKB8VaVCYc0v7qPGH1pnWnL6WdQ1CEkpGAu[]i3NfLItowu0Ge3C885eD
XuSYBGmDGLUh83obXuukWx9ALN6J5yQ _
 []


Overfull \hbox (9.16733pt too wide) in paragraph at lines 397--399
[]\OT1/cmr/m/n/10 KEERTHI,S.S.;SHEVADE,S. K.;BHATTACHARYYA,C.;MURTHY,K.R.K..
 []


Underfull \hbox (badness 3989) in paragraph at lines 397--399
\OT1/cmr/m/it/10 Im-pro-ve-ments to Platt's SMO Al-go-ri-thm for SVM Clas-si-fi
er De-
 []


Underfull \hbox (badness 10000) in paragraph at lines 397--399
\OT1/cmr/m/it/10 sign \OT1/cmr/m/n/10 [on-line]. Sin-ga-pore, 2000 [cit. 2017-0
2-03]. Do-stupn^^Se z:
 []


Underfull \hbox (badness 10000) in paragraph at lines 397--399
[]$\OT1/cmtt/m/n/10 http : / / citeseerx . ist . psu . edu / viewdoc / download
 ? doi = 10 . 1 . 1 .
 []


Underfull \hbox (badness 10000) in paragraph at lines 401--402
[]\OT1/cmr/m/n/10 PLATT, John C.. \OT1/cmr/m/it/10 Sequen-tial Mi-ni-mal Op-ti-
mi-zation \OT1/cmr/m/n/10 [on-
 []


Underfull \hbox (badness 10000) in paragraph at lines 401--402
\OT1/cmr/m/n/10 line]. Micro-soft Re-search, 1998 [cit. 2017-02-03]. Do-
 []


Underfull \hbox (badness 10000) in paragraph at lines 401--402
\OT1/cmr/m/n/10 stupn^^Se z: []$\OT1/cmtt/m/n/10 https : / / pdfs . semanticsch
olar . org / 8b5e /
 []


Underfull \hbox (badness 10000) in paragraph at lines 401--402
\OT1/cmtt/m/n/10 ab2c9fefe2fb1cc15e755cf7382ffc638f7c . pdf$[]\OT1/cmr/m/n/10 .
 A Fast Al-go-ri-thm
 []

Package atveryend Info: Empty hook `BeforeClearDocument' on input line 405.
[16]
Package atveryend Info: Empty hook `AfterLastShipout' on input line 405.
 (./ppr_doc.aux)
Package atveryend Info: Executing hook `AtVeryEndDocument' on input line 405.
Package atveryend Info: Executing hook `AtEndAfterFileList' on input line 405.
Package rerunfilecheck Info: File `ppr_doc.out' has not changed.
(rerunfilecheck)             Checksum: 6E963181473755A34329F641D1BE971A;1599.
Package atveryend Info: Empty hook `AtVeryVeryEnd' on input line 405.
 ) 
Here is how much of TeX's memory you used:
 9378 strings out of 493013
 128956 string characters out of 6132862
 267365 words of memory out of 5000000
 12713 multiletter control sequences out of 15000+600000
 11219 words of font info for 41 fonts, out of 8000000 for 9000
 1141 hyphenation exceptions out of 8191
 28i,7n,40p,1091b,1670s stack positions out of 5000i,500n,10000p,200000b,80000s
<d:/Programs/texlive/2016/texmf-dist/fonts/type1/public/amsfonts/cm/cmbx10.pf
b><d:/Programs/texlive/2016/texmf-dist/fonts/type1/public/amsfonts/cm/cmbx12.pf
b><d:/Programs/texlive/2016/texmf-dist/fonts/type1/public/amsfonts/cm/cmcsc10.p
fb><d:/Programs/texlive/2016/texmf-dist/fonts/type1/public/amsfonts/cm/cmex10.p
fb><d:/Programs/texlive/2016/texmf-dist/fonts/type1/public/amsfonts/cm/cmmi10.p
fb><d:/Programs/texlive/2016/texmf-dist/fonts/type1/public/amsfonts/cm/cmmi5.pf
b><d:/Programs/texlive/2016/texmf-dist/fonts/type1/public/amsfonts/cm/cmmi7.pfb
><d:/Programs/texlive/2016/texmf-dist/fonts/type1/public/amsfonts/cm/cmr10.pfb>
<d:/Programs/texlive/2016/texmf-dist/fonts/type1/public/amsfonts/cm/cmr12.pfb><
d:/Programs/texlive/2016/texmf-dist/fonts/type1/public/amsfonts/cm/cmr17.pfb><d
:/Programs/texlive/2016/texmf-dist/fonts/type1/public/amsfonts/cm/cmr5.pfb><d:/
Programs/texlive/2016/texmf-dist/fonts/type1/public/amsfonts/cm/cmr7.pfb><d:/Pr
ograms/texlive/2016/texmf-dist/fonts/type1/public/amsfonts/cm/cmsy10.pfb><d:/Pr
ograms/texlive/2016/texmf-dist/fonts/type1/public/amsfonts/cm/cmsy7.pfb><d:/Pro
grams/texlive/2016/texmf-dist/fonts/type1/public/amsfonts/cm/cmti10.pfb><d:/Pro
grams/texlive/2016/texmf-dist/fonts/type1/public/amsfonts/cm/cmtt10.pfb><d:/Pro
grams/texlive/2016/texmf-dist/fonts/type1/public/amsfonts/cm/cmtt9.pfb>
Output written on ppr_doc.pdf (16 pages, 582944 bytes).
PDF statistics:
 395 PDF objects out of 1000 (max. 8388607)
 346 compressed objects within 4 object streams
 109 named destinations out of 1000 (max. 500000)
 207 words of extra memory for PDF output out of 10000 (max. 10000000)

