\BOOKMARK [1][-]{section.1}{Zad\341n\355}{}% 1
\BOOKMARK [2][-]{subsection.1.1}{Vybran\351 zad\341n\355}{section.1}% 2
\BOOKMARK [1][-]{section.2}{Teoretick\375 \372vod}{}% 3
\BOOKMARK [2][-]{subsection.2.1}{Support Vector Machines}{section.2}% 4
\BOOKMARK [3][-]{subsubsection.2.1.1}{Line\341rn\355 rozhodovac\355 hranice}{subsection.2.1}% 5
\BOOKMARK [3][-]{subsubsection.2.1.2}{Cenov\341 funkce line\341rn\355 hranice}{subsection.2.1}% 6
\BOOKMARK [3][-]{subsubsection.2.1.3}{Neline\341rn\355 rozhodovac\355 hranice}{subsection.2.1}% 7
\BOOKMARK [3][-]{subsubsection.2.1.4}{Cenov\341 funkce neline\341rn\355 hranice}{subsection.2.1}% 8
\BOOKMARK [2][-]{subsection.2.2}{Sequential minimal optimization}{section.2}% 9
\BOOKMARK [1][-]{section.3}{Implementace}{}% 10
\BOOKMARK [2][-]{subsection.3.1}{Pr\355prava dat}{section.3}% 11
\BOOKMARK [3][-]{subsubsection.3.1.1}{Anal\375za a ci\235ten\355}{subsection.3.1}% 12
\BOOKMARK [3][-]{subsubsection.3.1.2}{Konverze}{subsection.3.1}% 13
\BOOKMARK [2][-]{subsection.3.2}{Tr\351nov\341n\355}{section.3}% 14
\BOOKMARK [3][-]{subsubsection.3.2.1}{\227k\341lov\341n\355 a matice podobnosti}{subsection.3.2}% 15
\BOOKMARK [3][-]{subsubsection.3.2.2}{Minimalizace cenov\351 funkce}{subsection.3.2}% 16
\BOOKMARK [1][-]{section.4}{Z\341ver}{}% 17
\BOOKMARK [1][-]{section.5}{U\236ivatelsk\341 pr\355rucka}{}% 18
\BOOKMARK [2][-]{subsubsection.5.0.1}{Po\236adavky}{section.5}% 19
\BOOKMARK [3][-]{subsubsection.5.0.2}{Nacten\355 dat}{subsubsection.5.0.1}% 20
\BOOKMARK [3][-]{subsubsection.5.0.3}{Spu\235ten\355}{subsubsection.5.0.1}% 21
\BOOKMARK [1][-]{section.6}{Testov\341n\355}{}% 22
